0 info it worked if it ends with ok
1 verbose cli [ '/usr/bin/nodejs', '/usr/bin/npm', 'run', 'publish' ]
2 info using npm@2.15.1
3 info using node@v4.4.4
4 verbose run-script [ 'prepublish', 'publish', 'postpublish' ]
5 info prepublish shower@2.1.1
6 info publish shower@2.1.1
7 verbose unsafe-perm in lifecycle true
8 info shower@2.1.1 Failed to exec publish script
9 verbose stack Error: shower@2.1.1 publish: `gulp publish`
9 verbose stack Exit status 1
9 verbose stack     at EventEmitter.<anonymous> (/usr/lib/node_modules/npm/lib/utils/lifecycle.js:217:16)
9 verbose stack     at emitTwo (events.js:87:13)
9 verbose stack     at EventEmitter.emit (events.js:172:7)
9 verbose stack     at ChildProcess.<anonymous> (/usr/lib/node_modules/npm/lib/utils/spawn.js:24:14)
9 verbose stack     at emitTwo (events.js:87:13)
9 verbose stack     at ChildProcess.emit (events.js:172:7)
9 verbose stack     at maybeClose (internal/child_process.js:827:16)
9 verbose stack     at Process.ChildProcess._handle.onexit (internal/child_process.js:211:5)
10 verbose pkgid shower@2.1.1
11 verbose cwd /home/rueb/code/keycraft/presentations/grafter
12 error Linux 4.4.0-21-generic
13 error argv "/usr/bin/nodejs" "/usr/bin/npm" "run" "publish"
14 error node v4.4.4
15 error npm  v2.15.1
16 error code ELIFECYCLE
17 error shower@2.1.1 publish: `gulp publish`
17 error Exit status 1
18 error Failed at the shower@2.1.1 publish script 'gulp publish'.
18 error This is most likely a problem with the shower package,
18 error not with npm itself.
18 error Tell the author that this fails on your system:
18 error     gulp publish
18 error You can get information on how to open an issue for this project with:
18 error     npm bugs shower
18 error Or if that isn't available, you can get their info via:
18 error
18 error     npm owner ls shower
18 error There is likely additional logging output above.
19 verbose exit [ 1, true ]
